0 info it worked if it ends with ok
1 verbose cli [ 'C:\\Program Files\\nodejs\\node.exe',
1 verbose cli   'C:\\Program Files\\nodejs\\node_modules\\npm\\bin\\npm-cli.js',
1 verbose cli   'run',
1 verbose cli   'start' ]
2 info using npm@3.10.9
3 info using node@v7.2.0
4 verbose run-script [ 'prestart', 'start', 'poststart' ]
5 info lifecycle 3dshacksbrowser@0.0.1~prestart: 3dshacksbrowser@0.0.1
6 silly lifecycle 3dshacksbrowser@0.0.1~prestart: no script for prestart, continuing
7 info lifecycle 3dshacksbrowser@0.0.1~start: 3dshacksbrowser@0.0.1
8 verbose lifecycle 3dshacksbrowser@0.0.1~start: unsafe-perm in lifecycle true
9 verbose lifecycle 3dshacksbrowser@0.0.1~start: PATH: C:\Program Files\nodejs\node_modules\npm\bin\node-gyp-bin;D:\dev\html-projects\3dshacksbrowser\node_modules\.bin;C:\Program Files (x86)\NVIDIA Corporation\PhysX\Common;C:\WINDOWS\system32;C:\WINDOWS;C:\WINDOWS\System32\Wbem;C:\WINDOWS\System32\WindowsPowerShell\v1.0\;C:\Program Files\Git\cmd;C:\Program Files (x86)\Skype\Phone\;C:\Program Files\nodejs\;C:\Program Files (x86)\Yarn\bin;C:\Users\Robin\AppData\Local\atom\bin;C:\Users\Robin\AppData\Local\Microsoft\WindowsApps;C:\dev\tools\php-7.0.11-x64;C:\.yarn\bin;C:\Users\Robin\AppData\Roaming\npm;C:\Users\Robin\AppData\Local\Yarn\.bin
10 verbose lifecycle 3dshacksbrowser@0.0.1~start: CWD: D:\dev\html-projects\3dshacksbrowser
11 silly lifecycle 3dshacksbrowser@0.0.1~start: Args: [ '/d /s /c', 'NODE_ENV=dev gulp' ]
12 silly lifecycle 3dshacksbrowser@0.0.1~start: Returned: code: 1  signal: null
13 info lifecycle 3dshacksbrowser@0.0.1~start: Failed to exec start script
14 verbose stack Error: 3dshacksbrowser@0.0.1 start: `NODE_ENV=dev gulp`
14 verbose stack Exit status 1
14 verbose stack     at EventEmitter.<anonymous> (C:\Program Files\nodejs\node_modules\npm\lib\utils\lifecycle.js:255:16)
14 verbose stack     at emitTwo (events.js:106:13)
14 verbose stack     at EventEmitter.emit (events.js:191:7)
14 verbose stack     at ChildProcess.<anonymous> (C:\Program Files\nodejs\node_modules\npm\lib\utils\spawn.js:40:14)
14 verbose stack     at emitTwo (events.js:106:13)
14 verbose stack     at ChildProcess.emit (events.js:191:7)
14 verbose stack     at maybeClose (internal/child_process.js:885:16)
14 verbose stack     at Process.ChildProcess._handle.onexit (internal/child_process.js:226:5)
15 verbose pkgid 3dshacksbrowser@0.0.1
16 verbose cwd D:\dev\html-projects\3dshacksbrowser
17 error Windows_NT 10.0.14393
18 error argv "C:\\Program Files\\nodejs\\node.exe" "C:\\Program Files\\nodejs\\node_modules\\npm\\bin\\npm-cli.js" "run" "start"
19 error node v7.2.0
20 error npm  v3.10.9
21 error code ELIFECYCLE
22 error 3dshacksbrowser@0.0.1 start: `NODE_ENV=dev gulp`
22 error Exit status 1
23 error Failed at the 3dshacksbrowser@0.0.1 start script 'NODE_ENV=dev gulp'.
23 error Make sure you have the latest version of node.js and npm installed.
23 error If you do, this is most likely a problem with the 3dshacksbrowser package,
23 error not with npm itself.
23 error Tell the author that this fails on your system:
23 error     NODE_ENV=dev gulp
23 error You can get information on how to open an issue for this project with:
23 error     npm bugs 3dshacksbrowser
23 error Or if that isn't available, you can get their info via:
23 error     npm owner ls 3dshacksbrowser
23 error There is likely additional logging output above.
24 verbose exit [ 1, true ]
